<?xml version="1.0" encoding="UTF-8"?>
<testsuite name="UTest" tests="1" skipped="0" failures="0" errors="0" timestamp="2021-02-10T19:28:55" hostname="LAPTOP-ACDNVFF2" time="35.215">
  <properties/>
  <testcase name="Create account at UTest.com" classname="UTest" time="35.215"/>
  <system-out><![CDATA[]]></system-out>
  <system-err><![CDATA[[Test worker] WARN net.thucydides.core.steps.BaseStepListener - stepStarted: net.thucydides.core.steps.ExecutedStepDescription@934ae73
[Test worker] WARN net.thucydides.core.steps.BaseStepListener - stepStarted: net.thucydides.core.steps.ExecutedStepDescription@5c7e9d04
[Test worker] WARN net.thucydides.core.steps.BaseStepListener - stepStarted: net.thucydides.core.steps.ExecutedStepDescription@2a9f0e38
feb 10, 2021 2:28:55 PM org.openqa.selenium.remote.DesiredCapabilities chrome
INFORMACIÓN: Using `new ChromeOptions()` is preferred to `DesiredCapabilities.chrome()`
[Test worker] INFO net.serenitybdd.core.webdriver.driverproviders.ProvideNewDriver - Instantiating driver
[Test worker] INFO net.serenitybdd.core.webdriver.driverproviders.ProvideNewDriver - Driver capabilities: Capabilities {acceptInsecureCerts: false, browserName: chrome, chrome.switches: --start-maximized, goog:chromeOptions: {args: [--start-maximized], extensions: []}, loggingPrefs: org.openqa.selenium.logging..., platform: ANY, version: }
Starting ChromeDriver 88.0.4324.96 (68dba2d8a0b149a1d3afac56fa74648032bcf46b-refs/branch-heads/4324@{#1784}) on port 21228
Only local connections are allowed.
Please see https://chromedriver.chromium.org/security-considerations for suggestions on keeping ChromeDriver safe.
ChromeDriver was started successfully.
feb 10, 2021 2:28:58 PM org.openqa.selenium.remote.ProtocolHandshake createSession
INFORMACIÓN: Detected dialect: W3C
[Test worker] WARN net.thucydides.core.steps.BaseStepListener - stepFinished: current outcome:Create account at UTest.com:Example: {firstName=Oscar, lastName=Calderon, email=oec.correo@gmail.com, month=January, day=1, year=1990, computer=Windows, version=10.0, language=Spanish, mobile=Apple, model=iPhone, os=iOS 14.4, password=Passwordutest12345, confirmPassword=Passwordutest12345, informed=1, terms=1, privacy=1} [Given that user wants to create an account in utest.com
| firstName | lastName | email | month | day | year |
| Oscar | Calderon | oec.correo@gmail.com | January | 1 | 1990 | [Oscar open up [Oscar opens the U test page]]]
[Test worker] WARN net.thucydides.core.steps.BaseStepListener - stepFinished: current outcome:Create account at UTest.com:Example: {firstName=Oscar, lastName=Calderon, email=oec.correo@gmail.com, month=January, day=1, year=1990, computer=Windows, version=10.0, language=Spanish, mobile=Apple, model=iPhone, os=iOS 14.4, password=Passwordutest12345, confirmPassword=Passwordutest12345, informed=1, terms=1, privacy=1} [Given that user wants to create an account in utest.com
| firstName | lastName | email | month | day | year |
| Oscar | Calderon | oec.correo@gmail.com | January | 1 | 1990 | [Oscar open up [Oscar opens the U test page]]]
[Test worker] WARN net.thucydides.core.steps.BaseStepListener - stepStarted: net.thucydides.core.steps.ExecutedStepDescription@12c789ef
[Test worker] WARN net.thucydides.core.steps.BaseStepListener - stepStarted: net.thucydides.core.steps.ExecutedStepDescription@72a31e19
[Test worker] WARN net.thucydides.core.steps.BaseStepListener - stepFinished: current outcome:Create account at UTest.com:Example: {firstName=Oscar, lastName=Calderon, email=oec.correo@gmail.com, month=January, day=1, year=1990, computer=Windows, version=10.0, language=Spanish, mobile=Apple, model=iPhone, os=iOS 14.4, password=Passwordutest12345, confirmPassword=Passwordutest12345, informed=1, terms=1, privacy=1} [Given that user wants to create an account in utest.com
| firstName | lastName | email | month | day | year |
| Oscar | Calderon | oec.correo@gmail.com | January | 1 | 1990 | [Oscar open up [Oscar opens the U test page], Oscar join [Oscar clicks on button that shows us the form to Join Today]]]
[Test worker] WARN net.thucydides.core.steps.BaseStepListener - stepFinished: current outcome:Create account at UTest.com:Example: {firstName=Oscar, lastName=Calderon, email=oec.correo@gmail.com, month=January, day=1, year=1990, computer=Windows, version=10.0, language=Spanish, mobile=Apple, model=iPhone, os=iOS 14.4, password=Passwordutest12345, confirmPassword=Passwordutest12345, informed=1, terms=1, privacy=1} [Given that user wants to create an account in utest.com
| firstName | lastName | email | month | day | year |
| Oscar | Calderon | oec.correo@gmail.com | January | 1 | 1990 | [Oscar open up [Oscar opens the U test page], Oscar join [Oscar clicks on button that shows us the form to Join Today]]]
[Test worker] WARN net.thucydides.core.steps.BaseStepListener - stepStarted: net.thucydides.core.steps.ExecutedStepDescription@12b6b3b2
[Test worker] WARN net.thucydides.core.steps.BaseStepListener - stepStarted: net.thucydides.core.steps.ExecutedStepDescription@799ada8e
[Test worker] WARN net.thucydides.core.steps.BaseStepListener - stepFinished: current outcome:Create account at UTest.com:Example: {firstName=Oscar, lastName=Calderon, email=oec.correo@gmail.com, month=January, day=1, year=1990, computer=Windows, version=10.0, language=Spanish, mobile=Apple, model=iPhone, os=iOS 14.4, password=Passwordutest12345, confirmPassword=Passwordutest12345, informed=1, terms=1, privacy=1} [Given that user wants to create an account in utest.com
| firstName | lastName | email | month | day | year |
| Oscar | Calderon | oec.correo@gmail.com | January | 1 | 1990 | [Oscar open up [Oscar opens the U test page], Oscar join [Oscar clicks on button that shows us the form to Join Today], Oscar personal [Oscar enters 'Oscar' into Ingresar el Nombre]]]
[Test worker] WARN net.thucydides.core.steps.BaseStepListener - stepStarted: net.thucydides.core.steps.ExecutedStepDescription@249751cd
[Test worker] WARN net.thucydides.core.steps.BaseStepListener - stepFinished: current outcome:Create account at UTest.com:Example: {firstName=Oscar, lastName=Calderon, email=oec.correo@gmail.com, month=January, day=1, year=1990, computer=Windows, version=10.0, language=Spanish, mobile=Apple, model=iPhone, os=iOS 14.4, password=Passwordutest12345, confirmPassword=Passwordutest12345, informed=1, terms=1, privacy=1} [Given that user wants to create an account in utest.com
| firstName | lastName | email | month | day | year |
| Oscar | Calderon | oec.correo@gmail.com | January | 1 | 1990 | [Oscar open up [Oscar opens the U test page], Oscar join [Oscar clicks on button that shows us the form to Join Today], Oscar personal [Oscar enters 'Oscar' into Ingresar el Nombre, Oscar enters 'Calderon' into Ingresar el Apellido]]]
[Test worker] WARN net.thucydides.core.steps.BaseStepListener - stepStarted: net.thucydides.core.steps.ExecutedStepDescription@19066d71
[Test worker] WARN net.thucydides.core.steps.BaseStepListener - stepFinished: current outcome:Create account at UTest.com:Example: {firstName=Oscar, lastName=Calderon, email=oec.correo@gmail.com, month=January, day=1, year=1990, computer=Windows, version=10.0, language=Spanish, mobile=Apple, model=iPhone, os=iOS 14.4, password=Passwordutest12345, confirmPassword=Passwordutest12345, informed=1, terms=1, privacy=1} [Given that user wants to create an account in utest.com
| firstName | lastName | email | month | day | year |
| Oscar | Calderon | oec.correo@gmail.com | January | 1 | 1990 | [Oscar open up [Oscar opens the U test page], Oscar join [Oscar clicks on button that shows us the form to Join Today], Oscar personal [Oscar enters 'Oscar' into Ingresar el Nombre, Oscar enters 'Calderon' into Ingresar el Apellido, Oscar enters 'oec.correo@gmail.com' into Ingresar el Correo]]]
[Test worker] WARN net.thucydides.core.steps.BaseStepListener - stepStarted: net.thucydides.core.steps.ExecutedStepDescription@2954f02
[Test worker] WARN net.thucydides.core.steps.BaseStepListener - stepFinished: current outcome:Create account at UTest.com:Example: {firstName=Oscar, lastName=Calderon, email=oec.correo@gmail.com, month=January, day=1, year=1990, computer=Windows, version=10.0, language=Spanish, mobile=Apple, model=iPhone, os=iOS 14.4, password=Passwordutest12345, confirmPassword=Passwordutest12345, informed=1, terms=1, privacy=1} [Given that user wants to create an account in utest.com
| firstName | lastName | email | month | day | year |
| Oscar | Calderon | oec.correo@gmail.com | January | 1 | 1990 | [Oscar open up [Oscar opens the U test page], Oscar join [Oscar clicks on button that shows us the form to Join Today], Oscar personal [Oscar enters 'Oscar' into Ingresar el Nombre, Oscar enters 'Calderon' into Ingresar el Apellido, Oscar enters 'oec.correo@gmail.com' into Ingresar el Correo, Oscar select January on Ingresar Mes]]]
[Test worker] WARN net.thucydides.core.steps.BaseStepListener - stepStarted: net.thucydides.core.steps.ExecutedStepDescription@9a6a088
[Test worker] WARN net.thucydides.core.steps.BaseStepListener - stepFinished: current outcome:Create account at UTest.com:Example: {firstName=Oscar, lastName=Calderon, email=oec.correo@gmail.com, month=January, day=1, year=1990, computer=Windows, version=10.0, language=Spanish, mobile=Apple, model=iPhone, os=iOS 14.4, password=Passwordutest12345, confirmPassword=Passwordutest12345, informed=1, terms=1, privacy=1} [Given that user wants to create an account in utest.com
| firstName | lastName | email | month | day | year |
| Oscar | Calderon | oec.correo@gmail.com | January | 1 | 1990 | [Oscar open up [Oscar opens the U test page], Oscar join [Oscar clicks on button that shows us the form to Join Today], Oscar personal [Oscar enters 'Oscar' into Ingresar el Nombre, Oscar enters 'Calderon' into Ingresar el Apellido, Oscar enters 'oec.correo@gmail.com' into Ingresar el Correo, Oscar select January on Ingresar Mes, Oscar selects index 1 in Ingresar Mes]]]
[Test worker] WARN net.thucydides.core.steps.BaseStepListener - stepStarted: net.thucydides.core.steps.ExecutedStepDescription@4da26419
[Test worker] WARN net.thucydides.core.steps.BaseStepListener - stepFinished: current outcome:Create account at UTest.com:Example: {firstName=Oscar, lastName=Calderon, email=oec.correo@gmail.com, month=January, day=1, year=1990, computer=Windows, version=10.0, language=Spanish, mobile=Apple, model=iPhone, os=iOS 14.4, password=Passwordutest12345, confirmPassword=Passwordutest12345, informed=1, terms=1, privacy=1} [Given that user wants to create an account in utest.com
| firstName | lastName | email | month | day | year |
| Oscar | Calderon | oec.correo@gmail.com | January | 1 | 1990 | [Oscar open up [Oscar opens the U test page], Oscar join [Oscar clicks on button that shows us the form to Join Today], Oscar personal [Oscar enters 'Oscar' into Ingresar el Nombre, Oscar enters 'Calderon' into Ingresar el Apellido, Oscar enters 'oec.correo@gmail.com' into Ingresar el Correo, Oscar select January on Ingresar Mes, Oscar selects index 1 in Ingresar Mes, Oscar select 1990 on Ingresar Mes]]]
[Test worker] WARN net.thucydides.core.steps.BaseStepListener - stepStarted: net.thucydides.core.steps.ExecutedStepDescription@22db2be0
[Test worker] WARN net.thucydides.core.steps.BaseStepListener - stepFinished: current outcome:Create account at UTest.com:Example: {firstName=Oscar, lastName=Calderon, email=oec.correo@gmail.com, month=January, day=1, year=1990, computer=Windows, version=10.0, language=Spanish, mobile=Apple, model=iPhone, os=iOS 14.4, password=Passwordutest12345, confirmPassword=Passwordutest12345, informed=1, terms=1, privacy=1} [Given that user wants to create an account in utest.com
| firstName | lastName | email | month | day | year |
| Oscar | Calderon | oec.correo@gmail.com | January | 1 | 1990 | [Oscar open up [Oscar opens the U test page], Oscar join [Oscar clicks on button that shows us the form to Join Today], Oscar personal [Oscar enters 'Oscar' into Ingresar el Nombre, Oscar enters 'Calderon' into Ingresar el Apellido, Oscar enters 'oec.correo@gmail.com' into Ingresar el Correo, Oscar select January on Ingresar Mes, Oscar selects index 1 in Ingresar Mes, Oscar select 1990 on Ingresar Mes, Oscar clicks on Da click para continuar a Locacion]]]
[Test worker] WARN net.thucydides.core.steps.BaseStepListener - stepFinished: current outcome:Create account at UTest.com:Example: {firstName=Oscar, lastName=Calderon, email=oec.correo@gmail.com, month=January, day=1, year=1990, computer=Windows, version=10.0, language=Spanish, mobile=Apple, model=iPhone, os=iOS 14.4, password=Passwordutest12345, confirmPassword=Passwordutest12345, informed=1, terms=1, privacy=1} [Given that user wants to create an account in utest.com
| firstName | lastName | email | month | day | year |
| Oscar | Calderon | oec.correo@gmail.com | January | 1 | 1990 | [Oscar open up [Oscar opens the U test page], Oscar join [Oscar clicks on button that shows us the form to Join Today], Oscar personal [Oscar enters 'Oscar' into Ingresar el Nombre, Oscar enters 'Calderon' into Ingresar el Apellido, Oscar enters 'oec.correo@gmail.com' into Ingresar el Correo, Oscar select January on Ingresar Mes, Oscar selects index 1 in Ingresar Mes, Oscar select 1990 on Ingresar Mes, Oscar clicks on Da click para continuar a Locacion]]]
[Test worker] WARN net.thucydides.core.steps.BaseStepListener - stepFinished: current outcome:Create account at UTest.com:Example: {firstName=Oscar, lastName=Calderon, email=oec.correo@gmail.com, month=January, day=1, year=1990, computer=Windows, version=10.0, language=Spanish, mobile=Apple, model=iPhone, os=iOS 14.4, password=Passwordutest12345, confirmPassword=Passwordutest12345, informed=1, terms=1, privacy=1} [Given that user wants to create an account in utest.com
| firstName | lastName | email | month | day | year |
| Oscar | Calderon | oec.correo@gmail.com | January | 1 | 1990 | [Oscar open up [Oscar opens the U test page], Oscar join [Oscar clicks on button that shows us the form to Join Today], Oscar personal [Oscar enters 'Oscar' into Ingresar el Nombre, Oscar enters 'Calderon' into Ingresar el Apellido, Oscar enters 'oec.correo@gmail.com' into Ingresar el Correo, Oscar select January on Ingresar Mes, Oscar selects index 1 in Ingresar Mes, Oscar select 1990 on Ingresar Mes, Oscar clicks on Da click para continuar a Locacion]]]
[Test worker] WARN net.thucydides.core.steps.BaseStepListener - stepStarted: net.thucydides.core.steps.ExecutedStepDescription@3122c961
[Test worker] WARN net.thucydides.core.steps.BaseStepListener - stepStarted: net.thucydides.core.steps.ExecutedStepDescription@46e383a7
[Test worker] WARN net.thucydides.core.steps.BaseStepListener - stepStarted: net.thucydides.core.steps.ExecutedStepDescription@62d0dc87
[Test worker] WARN net.thucydides.core.steps.BaseStepListener - stepFinished: current outcome:Create account at UTest.com:Example: {firstName=Oscar, lastName=Calderon, email=oec.correo@gmail.com, month=January, day=1, year=1990, computer=Windows, version=10.0, language=Spanish, mobile=Apple, model=iPhone, os=iOS 14.4, password=Passwordutest12345, confirmPassword=Passwordutest12345, informed=1, terms=1, privacy=1} [Given that user wants to create an account in utest.com
| firstName | lastName | email | month | day | year |
| Oscar | Calderon | oec.correo@gmail.com | January | 1 | 1990 | [Oscar open up [Oscar opens the U test page], Oscar join [Oscar clicks on button that shows us the form to Join Today], Oscar personal [Oscar enters 'Oscar' into Ingresar el Nombre, Oscar enters 'Calderon' into Ingresar el Apellido, Oscar enters 'oec.correo@gmail.com' into Ingresar el Correo, Oscar select January on Ingresar Mes, Oscar selects index 1 in Ingresar Mes, Oscar select 1990 on Ingresar Mes, Oscar clicks on Da click para continuar a Locacion]], When he fills the account's information
| computer | version | language | mobile | model | os |
| Windows | 10.0 | Spanish | Apple | iPhone | iOS 14.4 | [Oscar address [Oscar clicks on button that shows us the form to Join Today]]]
[Test worker] WARN net.thucydides.core.steps.BaseStepListener - stepFinished: current outcome:Create account at UTest.com:Example: {firstName=Oscar, lastName=Calderon, email=oec.correo@gmail.com, month=January, day=1, year=1990, computer=Windows, version=10.0, language=Spanish, mobile=Apple, model=iPhone, os=iOS 14.4, password=Passwordutest12345, confirmPassword=Passwordutest12345, informed=1, terms=1, privacy=1} [Given that user wants to create an account in utest.com
| firstName | lastName | email | month | day | year |
| Oscar | Calderon | oec.correo@gmail.com | January | 1 | 1990 | [Oscar open up [Oscar opens the U test page], Oscar join [Oscar clicks on button that shows us the form to Join Today], Oscar personal [Oscar enters 'Oscar' into Ingresar el Nombre, Oscar enters 'Calderon' into Ingresar el Apellido, Oscar enters 'oec.correo@gmail.com' into Ingresar el Correo, Oscar select January on Ingresar Mes, Oscar selects index 1 in Ingresar Mes, Oscar select 1990 on Ingresar Mes, Oscar clicks on Da click para continuar a Locacion]], When he fills the account's information
| computer | version | language | mobile | model | os |
| Windows | 10.0 | Spanish | Apple | iPhone | iOS 14.4 | [Oscar address [Oscar clicks on button that shows us the form to Join Today]]]
[Test worker] WARN net.thucydides.core.steps.BaseStepListener - stepStarted: net.thucydides.core.steps.ExecutedStepDescription@27549313
[Test worker] WARN net.thucydides.core.steps.BaseStepListener - stepStarted: net.thucydides.core.steps.ExecutedStepDescription@b8d126e
[Test worker] WARN net.thucydides.core.steps.BaseStepListener - stepFinished: current outcome:Create account at UTest.com:Example: {firstName=Oscar, lastName=Calderon, email=oec.correo@gmail.com, month=January, day=1, year=1990, computer=Windows, version=10.0, language=Spanish, mobile=Apple, model=iPhone, os=iOS 14.4, password=Passwordutest12345, confirmPassword=Passwordutest12345, informed=1, terms=1, privacy=1} [Given that user wants to create an account in utest.com
| firstName | lastName | email | month | day | year |
| Oscar | Calderon | oec.correo@gmail.com | January | 1 | 1990 | [Oscar open up [Oscar opens the U test page], Oscar join [Oscar clicks on button that shows us the form to Join Today], Oscar personal [Oscar enters 'Oscar' into Ingresar el Nombre, Oscar enters 'Calderon' into Ingresar el Apellido, Oscar enters 'oec.correo@gmail.com' into Ingresar el Correo, Oscar select January on Ingresar Mes, Oscar selects index 1 in Ingresar Mes, Oscar select 1990 on Ingresar Mes, Oscar clicks on Da click para continuar a Locacion]], When he fills the account's information
| computer | version | language | mobile | model | os |
| Windows | 10.0 | Spanish | Apple | iPhone | iOS 14.4 | [Oscar address [Oscar clicks on button that shows us the form to Join Today], Oscar devices [Oscar clicks on Da click para continuar a Locacion]]]
[Test worker] WARN net.thucydides.core.steps.BaseStepListener - stepFinished: current outcome:Create account at UTest.com:Example: {firstName=Oscar, lastName=Calderon, email=oec.correo@gmail.com, month=January, day=1, year=1990, computer=Windows, version=10.0, language=Spanish, mobile=Apple, model=iPhone, os=iOS 14.4, password=Passwordutest12345, confirmPassword=Passwordutest12345, informed=1, terms=1, privacy=1} [Given that user wants to create an account in utest.com
| firstName | lastName | email | month | day | year |
| Oscar | Calderon | oec.correo@gmail.com | January | 1 | 1990 | [Oscar open up [Oscar opens the U test page], Oscar join [Oscar clicks on button that shows us the form to Join Today], Oscar personal [Oscar enters 'Oscar' into Ingresar el Nombre, Oscar enters 'Calderon' into Ingresar el Apellido, Oscar enters 'oec.correo@gmail.com' into Ingresar el Correo, Oscar select January on Ingresar Mes, Oscar selects index 1 in Ingresar Mes, Oscar select 1990 on Ingresar Mes, Oscar clicks on Da click para continuar a Locacion]], When he fills the account's information
| computer | version | language | mobile | model | os |
| Windows | 10.0 | Spanish | Apple | iPhone | iOS 14.4 | [Oscar address [Oscar clicks on button that shows us the form to Join Today], Oscar devices [Oscar clicks on Da click para continuar a Locacion]]]
[Test worker] WARN net.thucydides.core.steps.BaseStepListener - stepFinished: current outcome:Create account at UTest.com:Example: {firstName=Oscar, lastName=Calderon, email=oec.correo@gmail.com, month=January, day=1, year=1990, computer=Windows, version=10.0, language=Spanish, mobile=Apple, model=iPhone, os=iOS 14.4, password=Passwordutest12345, confirmPassword=Passwordutest12345, informed=1, terms=1, privacy=1} [Given that user wants to create an account in utest.com
| firstName | lastName | email | month | day | year |
| Oscar | Calderon | oec.correo@gmail.com | January | 1 | 1990 | [Oscar open up [Oscar opens the U test page], Oscar join [Oscar clicks on button that shows us the form to Join Today], Oscar personal [Oscar enters 'Oscar' into Ingresar el Nombre, Oscar enters 'Calderon' into Ingresar el Apellido, Oscar enters 'oec.correo@gmail.com' into Ingresar el Correo, Oscar select January on Ingresar Mes, Oscar selects index 1 in Ingresar Mes, Oscar select 1990 on Ingresar Mes, Oscar clicks on Da click para continuar a Locacion]], When he fills the account's information
| computer | version | language | mobile | model | os |
| Windows | 10.0 | Spanish | Apple | iPhone | iOS 14.4 | [Oscar address [Oscar clicks on button that shows us the form to Join Today], Oscar devices [Oscar clicks on Da click para continuar a Locacion]]]
[Test worker] WARN net.thucydides.core.steps.BaseStepListener - stepStarted: net.thucydides.core.steps.ExecutedStepDescription@25ebb933
[Test worker] WARN net.thucydides.core.steps.BaseStepListener - stepStarted: net.thucydides.core.steps.ExecutedStepDescription@147afec7
[Test worker] WARN net.thucydides.core.steps.BaseStepListener - stepStarted: net.thucydides.core.steps.ExecutedStepDescription@3f7334aa
[Test worker] WARN net.thucydides.core.steps.BaseStepListener - stepFinished: current outcome:Create account at UTest.com:Example: {firstName=Oscar, lastName=Calderon, email=oec.correo@gmail.com, month=January, day=1, year=1990, computer=Windows, version=10.0, language=Spanish, mobile=Apple, model=iPhone, os=iOS 14.4, password=Passwordutest12345, confirmPassword=Passwordutest12345, informed=1, terms=1, privacy=1} [Given that user wants to create an account in utest.com
| firstName | lastName | email | month | day | year |
| Oscar | Calderon | oec.correo@gmail.com | January | 1 | 1990 | [Oscar open up [Oscar opens the U test page], Oscar join [Oscar clicks on button that shows us the form to Join Today], Oscar personal [Oscar enters 'Oscar' into Ingresar el Nombre, Oscar enters 'Calderon' into Ingresar el Apellido, Oscar enters 'oec.correo@gmail.com' into Ingresar el Correo, Oscar select January on Ingresar Mes, Oscar selects index 1 in Ingresar Mes, Oscar select 1990 on Ingresar Mes, Oscar clicks on Da click para continuar a Locacion]], When he fills the account's information
| computer | version | language | mobile | model | os |
| Windows | 10.0 | Spanish | Apple | iPhone | iOS 14.4 | [Oscar address [Oscar clicks on button that shows us the form to Join Today], Oscar devices [Oscar clicks on Da click para continuar a Locacion]], Then he creates the new account
| password | confirmPassword | informed | terms | privacy |
| Passwordutest12345 | Passwordutest12345 | 1 | 1 | 1 | [Oscar last [Oscar enters 'Passwordutest12345' into Ingresar la Contrasena]]]
[Test worker] WARN net.thucydides.core.steps.BaseStepListener - stepStarted: net.thucydides.core.steps.ExecutedStepDescription@4230321b
[Test worker] WARN net.thucydides.core.steps.BaseStepListener - stepFinished: current outcome:Create account at UTest.com:Example: {firstName=Oscar, lastName=Calderon, email=oec.correo@gmail.com, month=January, day=1, year=1990, computer=Windows, version=10.0, language=Spanish, mobile=Apple, model=iPhone, os=iOS 14.4, password=Passwordutest12345, confirmPassword=Passwordutest12345, informed=1, terms=1, privacy=1} [Given that user wants to create an account in utest.com
| firstName | lastName | email | month | day | year |
| Oscar | Calderon | oec.correo@gmail.com | January | 1 | 1990 | [Oscar open up [Oscar opens the U test page], Oscar join [Oscar clicks on button that shows us the form to Join Today], Oscar personal [Oscar enters 'Oscar' into Ingresar el Nombre, Oscar enters 'Calderon' into Ingresar el Apellido, Oscar enters 'oec.correo@gmail.com' into Ingresar el Correo, Oscar select January on Ingresar Mes, Oscar selects index 1 in Ingresar Mes, Oscar select 1990 on Ingresar Mes, Oscar clicks on Da click para continuar a Locacion]], When he fills the account's information
| computer | version | language | mobile | model | os |
| Windows | 10.0 | Spanish | Apple | iPhone | iOS 14.4 | [Oscar address [Oscar clicks on button that shows us the form to Join Today], Oscar devices [Oscar clicks on Da click para continuar a Locacion]], Then he creates the new account
| password | confirmPassword | informed | terms | privacy |
| Passwordutest12345 | Passwordutest12345 | 1 | 1 | 1 | [Oscar last [Oscar enters 'Passwordutest12345' into Ingresar la Contrasena, Oscar enters 'Passwordutest12345' into Ingresar nuevamente la Contrasena]]]
[Test worker] WARN net.thucydides.core.steps.BaseStepListener - stepStarted: net.thucydides.core.steps.ExecutedStepDescription@b04f533
[Test worker] WARN net.thucydides.core.steps.BaseStepListener - stepFinished: current outcome:Create account at UTest.com:Example: {firstName=Oscar, lastName=Calderon, email=oec.correo@gmail.com, month=January, day=1, year=1990, computer=Windows, version=10.0, language=Spanish, mobile=Apple, model=iPhone, os=iOS 14.4, password=Passwordutest12345, confirmPassword=Passwordutest12345, informed=1, terms=1, privacy=1} [Given that user wants to create an account in utest.com
| firstName | lastName | email | month | day | year |
| Oscar | Calderon | oec.correo@gmail.com | January | 1 | 1990 | [Oscar open up [Oscar opens the U test page], Oscar join [Oscar clicks on button that shows us the form to Join Today], Oscar personal [Oscar enters 'Oscar' into Ingresar el Nombre, Oscar enters 'Calderon' into Ingresar el Apellido, Oscar enters 'oec.correo@gmail.com' into Ingresar el Correo, Oscar select January on Ingresar Mes, Oscar selects index 1 in Ingresar Mes, Oscar select 1990 on Ingresar Mes, Oscar clicks on Da click para continuar a Locacion]], When he fills the account's information
| computer | version | language | mobile | model | os |
| Windows | 10.0 | Spanish | Apple | iPhone | iOS 14.4 | [Oscar address [Oscar clicks on button that shows us the form to Join Today], Oscar devices [Oscar clicks on Da click para continuar a Locacion]], Then he creates the new account
| password | confirmPassword | informed | terms | privacy |
| Passwordutest12345 | Passwordutest12345 | 1 | 1 | 1 | [Oscar last [Oscar enters 'Passwordutest12345' into Ingresar la Contrasena, Oscar enters 'Passwordutest12345' into Ingresar nuevamente la Contrasena, Oscar clicks on Seleccionar Informacion]]]
[Test worker] WARN net.thucydides.core.steps.BaseStepListener - stepStarted: net.thucydides.core.steps.ExecutedStepDescription@78c7fd23
[Test worker] WARN net.thucydides.core.steps.BaseStepListener - stepFinished: current outcome:Create account at UTest.com:Example: {firstName=Oscar, lastName=Calderon, email=oec.correo@gmail.com, month=January, day=1, year=1990, computer=Windows, version=10.0, language=Spanish, mobile=Apple, model=iPhone, os=iOS 14.4, password=Passwordutest12345, confirmPassword=Passwordutest12345, informed=1, terms=1, privacy=1} [Given that user wants to create an account in utest.com
| firstName | lastName | email | month | day | year |
| Oscar | Calderon | oec.correo@gmail.com | January | 1 | 1990 | [Oscar open up [Oscar opens the U test page], Oscar join [Oscar clicks on button that shows us the form to Join Today], Oscar personal [Oscar enters 'Oscar' into Ingresar el Nombre, Oscar enters 'Calderon' into Ingresar el Apellido, Oscar enters 'oec.correo@gmail.com' into Ingresar el Correo, Oscar select January on Ingresar Mes, Oscar selects index 1 in Ingresar Mes, Oscar select 1990 on Ingresar Mes, Oscar clicks on Da click para continuar a Locacion]], When he fills the account's information
| computer | version | language | mobile | model | os |
| Windows | 10.0 | Spanish | Apple | iPhone | iOS 14.4 | [Oscar address [Oscar clicks on button that shows us the form to Join Today], Oscar devices [Oscar clicks on Da click para continuar a Locacion]], Then he creates the new account
| password | confirmPassword | informed | terms | privacy |
| Passwordutest12345 | Passwordutest12345 | 1 | 1 | 1 | [Oscar last [Oscar enters 'Passwordutest12345' into Ingresar la Contrasena, Oscar enters 'Passwordutest12345' into Ingresar nuevamente la Contrasena, Oscar clicks on Seleccionar Informacion, Oscar clicks on Seleccionar Terminos]]]
[Test worker] WARN net.thucydides.core.steps.BaseStepListener - stepStarted: net.thucydides.core.steps.ExecutedStepDescription@7dd787f
[Test worker] WARN net.thucydides.core.steps.BaseStepListener - stepFinished: current outcome:Create account at UTest.com:Example: {firstName=Oscar, lastName=Calderon, email=oec.correo@gmail.com, month=January, day=1, year=1990, computer=Windows, version=10.0, language=Spanish, mobile=Apple, model=iPhone, os=iOS 14.4, password=Passwordutest12345, confirmPassword=Passwordutest12345, informed=1, terms=1, privacy=1} [Given that user wants to create an account in utest.com
| firstName | lastName | email | month | day | year |
| Oscar | Calderon | oec.correo@gmail.com | January | 1 | 1990 | [Oscar open up [Oscar opens the U test page], Oscar join [Oscar clicks on button that shows us the form to Join Today], Oscar personal [Oscar enters 'Oscar' into Ingresar el Nombre, Oscar enters 'Calderon' into Ingresar el Apellido, Oscar enters 'oec.correo@gmail.com' into Ingresar el Correo, Oscar select January on Ingresar Mes, Oscar selects index 1 in Ingresar Mes, Oscar select 1990 on Ingresar Mes, Oscar clicks on Da click para continuar a Locacion]], When he fills the account's information
| computer | version | language | mobile | model | os |
| Windows | 10.0 | Spanish | Apple | iPhone | iOS 14.4 | [Oscar address [Oscar clicks on button that shows us the form to Join Today], Oscar devices [Oscar clicks on Da click para continuar a Locacion]], Then he creates the new account
| password | confirmPassword | informed | terms | privacy |
| Passwordutest12345 | Passwordutest12345 | 1 | 1 | 1 | [Oscar last [Oscar enters 'Passwordutest12345' into Ingresar la Contrasena, Oscar enters 'Passwordutest12345' into Ingresar nuevamente la Contrasena, Oscar clicks on Seleccionar Informacion, Oscar clicks on Seleccionar Terminos, Oscar clicks on Seleccionar Politica]]]
[Test worker] WARN net.thucydides.core.steps.BaseStepListener - stepStarted: net.thucydides.core.steps.ExecutedStepDescription@776e94a8
[Test worker] WARN net.thucydides.core.steps.BaseStepListener - stepFinished: current outcome:Create account at UTest.com:Example: {firstName=Oscar, lastName=Calderon, email=oec.correo@gmail.com, month=January, day=1, year=1990, computer=Windows, version=10.0, language=Spanish, mobile=Apple, model=iPhone, os=iOS 14.4, password=Passwordutest12345, confirmPassword=Passwordutest12345, informed=1, terms=1, privacy=1} [Given that user wants to create an account in utest.com
| firstName | lastName | email | month | day | year |
| Oscar | Calderon | oec.correo@gmail.com | January | 1 | 1990 | [Oscar open up [Oscar opens the U test page], Oscar join [Oscar clicks on button that shows us the form to Join Today], Oscar personal [Oscar enters 'Oscar' into Ingresar el Nombre, Oscar enters 'Calderon' into Ingresar el Apellido, Oscar enters 'oec.correo@gmail.com' into Ingresar el Correo, Oscar select January on Ingresar Mes, Oscar selects index 1 in Ingresar Mes, Oscar select 1990 on Ingresar Mes, Oscar clicks on Da click para continuar a Locacion]], When he fills the account's information
| computer | version | language | mobile | model | os |
| Windows | 10.0 | Spanish | Apple | iPhone | iOS 14.4 | [Oscar address [Oscar clicks on button that shows us the form to Join Today], Oscar devices [Oscar clicks on Da click para continuar a Locacion]], Then he creates the new account
| password | confirmPassword | informed | terms | privacy |
| Passwordutest12345 | Passwordutest12345 | 1 | 1 | 1 | [Oscar last [Oscar enters 'Passwordutest12345' into Ingresar la Contrasena, Oscar enters 'Passwordutest12345' into Ingresar nuevamente la Contrasena, Oscar clicks on Seleccionar Informacion, Oscar clicks on Seleccionar Terminos, Oscar clicks on Seleccionar Politica, Oscar clicks on Da click para Completar Creacion]]]
[Test worker] WARN net.thucydides.core.steps.BaseStepListener - stepFinished: current outcome:Create account at UTest.com:Example: {firstName=Oscar, lastName=Calderon, email=oec.correo@gmail.com, month=January, day=1, year=1990, computer=Windows, version=10.0, language=Spanish, mobile=Apple, model=iPhone, os=iOS 14.4, password=Passwordutest12345, confirmPassword=Passwordutest12345, informed=1, terms=1, privacy=1} [Given that user wants to create an account in utest.com
| firstName | lastName | email | month | day | year |
| Oscar | Calderon | oec.correo@gmail.com | January | 1 | 1990 | [Oscar open up [Oscar opens the U test page], Oscar join [Oscar clicks on button that shows us the form to Join Today], Oscar personal [Oscar enters 'Oscar' into Ingresar el Nombre, Oscar enters 'Calderon' into Ingresar el Apellido, Oscar enters 'oec.correo@gmail.com' into Ingresar el Correo, Oscar select January on Ingresar Mes, Oscar selects index 1 in Ingresar Mes, Oscar select 1990 on Ingresar Mes, Oscar clicks on Da click para continuar a Locacion]], When he fills the account's information
| computer | version | language | mobile | model | os |
| Windows | 10.0 | Spanish | Apple | iPhone | iOS 14.4 | [Oscar address [Oscar clicks on button that shows us the form to Join Today], Oscar devices [Oscar clicks on Da click para continuar a Locacion]], Then he creates the new account
| password | confirmPassword | informed | terms | privacy |
| Passwordutest12345 | Passwordutest12345 | 1 | 1 | 1 | [Oscar last [Oscar enters 'Passwordutest12345' into Ingresar la Contrasena, Oscar enters 'Passwordutest12345' into Ingresar nuevamente la Contrasena, Oscar clicks on Seleccionar Informacion, Oscar clicks on Seleccionar Terminos, Oscar clicks on Seleccionar Politica, Oscar clicks on Da click para Completar Creacion]]]
[Test worker] WARN net.thucydides.core.steps.BaseStepListener - stepFinished: current outcome:Create account at UTest.com:Example: {firstName=Oscar, lastName=Calderon, email=oec.correo@gmail.com, month=January, day=1, year=1990, computer=Windows, version=10.0, language=Spanish, mobile=Apple, model=iPhone, os=iOS 14.4, password=Passwordutest12345, confirmPassword=Passwordutest12345, informed=1, terms=1, privacy=1} [Given that user wants to create an account in utest.com
| firstName | lastName | email | month | day | year |
| Oscar | Calderon | oec.correo@gmail.com | January | 1 | 1990 | [Oscar open up [Oscar opens the U test page], Oscar join [Oscar clicks on button that shows us the form to Join Today], Oscar personal [Oscar enters 'Oscar' into Ingresar el Nombre, Oscar enters 'Calderon' into Ingresar el Apellido, Oscar enters 'oec.correo@gmail.com' into Ingresar el Correo, Oscar select January on Ingresar Mes, Oscar selects index 1 in Ingresar Mes, Oscar select 1990 on Ingresar Mes, Oscar clicks on Da click para continuar a Locacion]], When he fills the account's information
| computer | version | language | mobile | model | os |
| Windows | 10.0 | Spanish | Apple | iPhone | iOS 14.4 | [Oscar address [Oscar clicks on button that shows us the form to Join Today], Oscar devices [Oscar clicks on Da click para continuar a Locacion]], Then he creates the new account
| password | confirmPassword | informed | terms | privacy |
| Passwordutest12345 | Passwordutest12345 | 1 | 1 | 1 | [Oscar last [Oscar enters 'Passwordutest12345' into Ingresar la Contrasena, Oscar enters 'Passwordutest12345' into Ingresar nuevamente la Contrasena, Oscar clicks on Seleccionar Informacion, Oscar clicks on Seleccionar Terminos, Oscar clicks on Seleccionar Politica, Oscar clicks on Da click para Completar Creacion]]]
[Test worker] WARN net.thucydides.core.steps.BaseStepListener - stepFinished: current outcome:Create account at UTest.com:Example: {firstName=Oscar, lastName=Calderon, email=oec.correo@gmail.com, month=January, day=1, year=1990, computer=Windows, version=10.0, language=Spanish, mobile=Apple, model=iPhone, os=iOS 14.4, password=Passwordutest12345, confirmPassword=Passwordutest12345, informed=1, terms=1, privacy=1} [Given that user wants to create an account in utest.com
| firstName | lastName | email | month | day | year |
| Oscar | Calderon | oec.correo@gmail.com | January | 1 | 1990 | [Oscar open up [Oscar opens the U test page], Oscar join [Oscar clicks on button that shows us the form to Join Today], Oscar personal [Oscar enters 'Oscar' into Ingresar el Nombre, Oscar enters 'Calderon' into Ingresar el Apellido, Oscar enters 'oec.correo@gmail.com' into Ingresar el Correo, Oscar select January on Ingresar Mes, Oscar selects index 1 in Ingresar Mes, Oscar select 1990 on Ingresar Mes, Oscar clicks on Da click para continuar a Locacion]], When he fills the account's information
| computer | version | language | mobile | model | os |
| Windows | 10.0 | Spanish | Apple | iPhone | iOS 14.4 | [Oscar address [Oscar clicks on button that shows us the form to Join Today], Oscar devices [Oscar clicks on Da click para continuar a Locacion]], Then he creates the new account
| password | confirmPassword | informed | terms | privacy |
| Passwordutest12345 | Passwordutest12345 | 1 | 1 | 1 | [Oscar last [Oscar enters 'Passwordutest12345' into Ingresar la Contrasena, Oscar enters 'Passwordutest12345' into Ingresar nuevamente la Contrasena, Oscar clicks on Seleccionar Informacion, Oscar clicks on Seleccionar Terminos, Oscar clicks on Seleccionar Politica, Oscar clicks on Da click para Completar Creacion]]]
[Test worker] WARN net.thucydides.core.steps.BaseStepListener - testFinished: Create account at UTest.com:Example: {firstName=Oscar, lastName=Calderon, email=oec.correo@gmail.com, month=January, day=1, year=1990, computer=Windows, version=10.0, language=Spanish, mobile=Apple, model=iPhone, os=iOS 14.4, password=Passwordutest12345, confirmPassword=Passwordutest12345, informed=1, terms=1, privacy=1} [Given that user wants to create an account in utest.com
| firstName | lastName | email | month | day | year |
| Oscar | Calderon | oec.correo@gmail.com | January | 1 | 1990 | [Oscar open up [Oscar opens the U test page], Oscar join [Oscar clicks on button that shows us the form to Join Today], Oscar personal [Oscar enters 'Oscar' into Ingresar el Nombre, Oscar enters 'Calderon' into Ingresar el Apellido, Oscar enters 'oec.correo@gmail.com' into Ingresar el Correo, Oscar select January on Ingresar Mes, Oscar selects index 1 in Ingresar Mes, Oscar select 1990 on Ingresar Mes, Oscar clicks on Da click para continuar a Locacion]], When he fills the account's information
| computer | version | language | mobile | model | os |
| Windows | 10.0 | Spanish | Apple | iPhone | iOS 14.4 | [Oscar address [Oscar clicks on button that shows us the form to Join Today], Oscar devices [Oscar clicks on Da click para continuar a Locacion]], Then he creates the new account
| password | confirmPassword | informed | terms | privacy |
| Passwordutest12345 | Passwordutest12345 | 1 | 1 | 1 | [Oscar last [Oscar enters 'Passwordutest12345' into Ingresar la Contrasena, Oscar enters 'Passwordutest12345' into Ingresar nuevamente la Contrasena, Oscar clicks on Seleccionar Informacion, Oscar clicks on Seleccionar Terminos, Oscar clicks on Seleccionar Politica, Oscar clicks on Da click para Completar Creacion]]]
[Test worker] WARN net.thucydides.core.steps.BaseStepListener - TestOutcomes: [Create account at UTest.com:Example: {firstName=Oscar, lastName=Calderon, email=oec.correo@gmail.com, month=January, day=1, year=1990, computer=Windows, version=10.0, language=Spanish, mobile=Apple, model=iPhone, os=iOS 14.4, password=Passwordutest12345, confirmPassword=Passwordutest12345, informed=1, terms=1, privacy=1} [Given that user wants to create an account in utest.com
| firstName | lastName | email | month | day | year |
| Oscar | Calderon | oec.correo@gmail.com | January | 1 | 1990 | [Oscar open up [Oscar opens the U test page], Oscar join [Oscar clicks on button that shows us the form to Join Today], Oscar personal [Oscar enters 'Oscar' into Ingresar el Nombre, Oscar enters 'Calderon' into Ingresar el Apellido, Oscar enters 'oec.correo@gmail.com' into Ingresar el Correo, Oscar select January on Ingresar Mes, Oscar selects index 1 in Ingresar Mes, Oscar select 1990 on Ingresar Mes, Oscar clicks on Da click para continuar a Locacion]], When he fills the account's information
| computer | version | language | mobile | model | os |
| Windows | 10.0 | Spanish | Apple | iPhone | iOS 14.4 | [Oscar address [Oscar clicks on button that shows us the form to Join Today], Oscar devices [Oscar clicks on Da click para continuar a Locacion]], Then he creates the new account
| password | confirmPassword | informed | terms | privacy |
| Passwordutest12345 | Passwordutest12345 | 1 | 1 | 1 | [Oscar last [Oscar enters 'Passwordutest12345' into Ingresar la Contrasena, Oscar enters 'Passwordutest12345' into Ingresar nuevamente la Contrasena, Oscar clicks on Seleccionar Informacion, Oscar clicks on Seleccionar Terminos, Oscar clicks on Seleccionar Politica, Oscar clicks on Da click para Completar Creacion]]]]
[Test worker] WARN net.thucydides.core.steps.BaseStepListener - Final testOutcomes: [Create account at UTest.com:Example: {firstName=Oscar, lastName=Calderon, email=oec.correo@gmail.com, month=January, day=1, year=1990, computer=Windows, version=10.0, language=Spanish, mobile=Apple, model=iPhone, os=iOS 14.4, password=Passwordutest12345, confirmPassword=Passwordutest12345, informed=1, terms=1, privacy=1} [Given that user wants to create an account in utest.com
| firstName | lastName | email | month | day | year |
| Oscar | Calderon | oec.correo@gmail.com | January | 1 | 1990 | [Oscar open up [Oscar opens the U test page], Oscar join [Oscar clicks on button that shows us the form to Join Today], Oscar personal [Oscar enters 'Oscar' into Ingresar el Nombre, Oscar enters 'Calderon' into Ingresar el Apellido, Oscar enters 'oec.correo@gmail.com' into Ingresar el Correo, Oscar select January on Ingresar Mes, Oscar selects index 1 in Ingresar Mes, Oscar select 1990 on Ingresar Mes, Oscar clicks on Da click para continuar a Locacion]], When he fills the account's information
| computer | version | language | mobile | model | os |
| Windows | 10.0 | Spanish | Apple | iPhone | iOS 14.4 | [Oscar address [Oscar clicks on button that shows us the form to Join Today], Oscar devices [Oscar clicks on Da click para continuar a Locacion]], Then he creates the new account
| password | confirmPassword | informed | terms | privacy |
| Passwordutest12345 | Passwordutest12345 | 1 | 1 | 1 | [Oscar last [Oscar enters 'Passwordutest12345' into Ingresar la Contrasena, Oscar enters 'Passwordutest12345' into Ingresar nuevamente la Contrasena, Oscar clicks on Seleccionar Informacion, Oscar clicks on Seleccionar Terminos, Oscar clicks on Seleccionar Politica, Oscar clicks on Da click para Completar Creacion]]]]
[Test worker] INFO net.thucydides.core.steps.ConsoleLoggingListener - 
        __    _____ _____ ____ _____   ____   _    ____  ____  _____ ____  
  _     \ \  |_   _| ____/ ___|_   _| |  _ \ / \  / ___|/ ___|| ____|  _ \ 
 (_)_____| |   | | |  _| \___ \ | |   | |_) / _ \ \___ \\___ \|  _| | | | |
  _|_____| |   | | | |___ ___) || |   |  __/ ___ \ ___) |___) | |___| |_| |
 (_)     | |   |_| |_____|____/ |_|   |_| /_/   \_\____/|____/|_____|____/ 
        /_/                                                                

TEST PASSED: Create account at UTest.com
----------------------------------------------------------------------------
]]></system-err>
</testsuite>
